{"timestamp":"2026-02-19T19:20:18.274Z","type":"FOCUS_HEARTBEAT","file":"src/components/Header/Header.js","activeMs":0,"totalActiveMs":61353}
{"timestamp":"2026-02-19T20:26:00.544Z","type":"FOCUS_SESSION_END","totalActiveMs":61353,"durationMs":4003624}
{"timestamp":"2026-02-19T20:26:22.578Z","type":"FOCUS_HEARTBEAT","file":"src/components/Header/Header.js","activeMs":0,"totalActiveMs":14379}
{"timestamp":"2026-02-19T20:29:45.504Z","type":"FOCUS_COMMIT","msSinceLastCommit":0}
{"timestamp":"2026-02-19T20:30:10.327Z","type":"FOCUS_SWITCH","from":"src/components/Header/Header.js","to":"package.json","prevFileActiveMs":0}
{"timestamp":"2026-02-19T20:30:12.199Z","type":"FOCUS_SWITCH","from":"package.json","to":"package-lock.json","prevFileActiveMs":0}
{"timestamp":"2026-02-19T20:31:00.820Z","type":"FOCUS_SWITCH","from":"package-lock.json","to":"src/components/img/ProductIcons.js","prevFileActiveMs":0}
{"timestamp":"2026-02-19T20:33:24.862Z","type":"FOCUS_HEARTBEAT","file":"src/pages/products/WhatsAppBot.js","activeMs":0,"totalActiveMs":436664}
{"timestamp":"2026-02-19T20:33:24.862Z","type":"FOCUS_SWITCH","from":"src/components/img/ProductIcons.js","to":"src/pages/products/WhatsAppBot.js","prevFileActiveMs":19418}
{"timestamp":"2026-02-19T20:33:58.966Z","type":"FOCUS_SWITCH","from":"src/pages/products/WhatsAppBot.js","to":"src/components/Header/Header.js","prevFileActiveMs":0}
{"timestamp":"2026-02-19T20:37:36.417Z","type":"FOCUS_SESSION_END","totalActiveMs":451526,"durationMs":688219}
{"timestamp":"2026-02-19T20:37:44.401Z","type":"FOCUS_HEARTBEAT","file":"public/index.html","activeMs":0,"totalActiveMs":5720}
{"timestamp":"2026-02-19T20:43:08.876Z","type":"FOCUS_SESSION_END","totalActiveMs":5720,"durationMs":330196}
{"timestamp":"2026-02-21T18:55:34.855Z","type":"FOCUS_HEARTBEAT","file":"src/pages/Home.js","activeMs":0,"totalActiveMs":85442}
{"timestamp":"2026-02-21T19:58:06.597Z","type":"FOCUS_HEARTBEAT","file":"package.json","activeMs":0,"totalActiveMs":88094}
{"timestamp":"2026-02-21T19:58:14.160Z","type":"FOCUS_SWITCH","from":"package.json","to":"package-lock.json","prevFileActiveMs":0}
{"timestamp":"2026-02-21T20:01:16.694Z","type":"FOCUS_COMMIT","msSinceLastCommit":0}
{"timestamp":"2026-02-21T20:02:48.795Z","type":"FOCUS_SWITCH","from":"package-lock.json","to":"src/pages/Home.js","prevFileActiveMs":0}
{"timestamp":"2026-02-21T20:10:53.792Z","type":"FOCUS_SWITCH","from":"src/pages/Home.js","to":"package-lock.json","prevFileActiveMs":0}
{"timestamp":"2026-02-21T20:16:10.492Z","type":"FOCUS_COMMIT","msSinceLastCommit":0}
{"timestamp":"2026-02-21T20:18:28.135Z","type":"FOCUS_SWITCH","from":"package-lock.json","to":"src/pages/Home.js","prevFileActiveMs":0}
{"timestamp":"2026-02-21T20:19:46.798Z","type":"FOCUS_HEARTBEAT","file":"src/components/HomeSections/HeroSection.js","activeMs":0,"totalActiveMs":448956}
{"timestamp":"2026-02-21T20:19:46.798Z","type":"FOCUS_SWITCH","from":"src/pages/Home.js","to":"src/components/HomeSections/HeroSection.js","prevFileActiveMs":0}
{"timestamp":"2026-02-21T20:22:11.929Z","type":"FOCUS_COMMIT","msSinceLastCommit":0}
{"timestamp":"2026-02-21T20:32:03.776Z","type":"FOCUS_SWITCH","from":"src/components/HomeSections/HeroSection.js","to":"src/pages/Home.js","prevFileActiveMs":0}
{"timestamp":"2026-02-21T20:32:22.597Z","type":"FOCUS_HEARTBEAT","file":"src/pages/Home.js","activeMs":18821,"totalActiveMs":467777}
{"timestamp":"2026-02-22T05:28:00.049Z","type":"FOCUS_COMMIT","msSinceLastCommit":0}
{"timestamp":"2026-02-22T05:33:40.884Z","type":"FOCUS_SESSION_START","file":"src/pages/Home.js"}
{"timestamp":"2026-02-22T14:12:04.584Z","type":"FOCUS_COMMIT","msSinceLastCommit":0}
{"timestamp":"2026-02-22T14:19:13.621Z","type":"FOCUS_SWITCH","from":"src/pages/Home.js","to":"src/components/HomeSections/shared.js","prevFileActiveMs":35229}
{"timestamp":"2026-02-22T14:19:13.621Z","type":"FOCUS_HEARTBEAT","file":"src/components/HomeSections/shared.js","activeMs":0,"totalActiveMs":32016921}
{"timestamp":"2026-02-22T14:35:02.084Z","type":"FOCUS_COMMIT","msSinceLastCommit":0}
{"timestamp":"2026-02-22T14:46:56.888Z","type":"FOCUS_HEARTBEAT","file":"src/pages/request-demo/request-demo.js","activeMs":0,"totalActiveMs":33680189}
{"timestamp":"2026-02-22T14:46:56.889Z","type":"FOCUS_SWITCH","from":"src/components/HomeSections/shared.js","to":"src/pages/request-demo/request-demo.js","prevFileActiveMs":0}
{"timestamp":"2026-02-22T14:57:54.459Z","type":"FOCUS_SESSION_START","file":"src/components/HomeSections/shared.js"}
{"timestamp":"2026-02-22T14:57:54.464Z","type":"FOCUS_SWITCH","from":"src/pages/request-demo/request-demo.js","to":"src/components/HomeSections/shared.js","prevFileActiveMs":0}
{"timestamp":"2026-02-22T15:24:47.611Z","type":"FOCUS_COMMIT","msSinceLastCommit":0}
{"timestamp":"2026-02-22T15:25:26.867Z","type":"FOCUS_HEARTBEAT","file":"src/pages/delete-account/delete-account.js","activeMs":0,"totalActiveMs":35332596}
{"timestamp":"2026-02-22T15:25:26.867Z","type":"FOCUS_SWITCH","from":"src/components/HomeSections/shared.js","to":"src/pages/delete-account/delete-account.js","prevFileActiveMs":0}
{"timestamp":"2026-02-22T15:25:27.354Z","type":"FOCUS_SWITCH","from":"src/pages/delete-account/delete-account.js","to":"src/components/HomeSections/HighlightStrip.js","prevFileActiveMs":0}
{"timestamp":"2026-02-22T15:26:09.026Z","type":"FOCUS_SWITCH","from":"src/components/HomeSections/HighlightStrip.js","to":"src/pages/Market.js","prevFileActiveMs":0}
{"timestamp":"2026-02-22T15:27:03.951Z","type":"FOCUS_SWITCH","from":"src/pages/Market.js","to":"src/pages/products/WhatsAppBot.js","prevFileActiveMs":0}
{"timestamp":"2026-02-22T15:27:26.481Z","type":"FOCUS_SWITCH","from":"src/pages/products/WhatsAppBot.js","to":"src/pages/products/B2BSolutions.js","prevFileActiveMs":0}
{"timestamp":"2026-02-22T15:27:33.664Z","type":"FOCUS_SWITCH","from":"src/pages/products/B2BSolutions.js","to":"src/pages/products/DeveloperConsole.js","prevFileActiveMs":0}
{"timestamp":"2026-02-22T15:27:40.135Z","type":"FOCUS_SWITCH","from":"src/pages/products/DeveloperConsole.js","to":"src/pages/products/FarmersCRM.js","prevFileActiveMs":0}
{"timestamp":"2026-02-22T15:27:48.593Z","type":"FOCUS_SWITCH","from":"src/pages/products/FarmersCRM.js","to":"src/pages/About.js","prevFileActiveMs":0}
{"timestamp":"2026-02-22T15:42:46.584Z","type":"FOCUS_HEARTBEAT","file":".env","activeMs":0,"totalActiveMs":433989}
